Determining if the pthread_create exist failed with the following output:
Change Dir: /home/edu/limo_control/catkin_ws/build/CMakeFiles/CMakeTmp

Run Build Command:"/usr/bin/make" "cmTC_938c1/fast"
/usr/bin/make -f CMakeFiles/cmTC_938c1.dir/build.make CMakeFiles/cmTC_938c1.dir/build
make[1]: 进入目录“/home/edu/limo_control/catkin_ws/build/CMakeFiles/CMakeTmp”
Building C object CMakeFiles/cmTC_938c1.dir/CheckSymbolExists.c.o
/usr/bin/cc    -o CMakeFiles/cmTC_938c1.dir/CheckSymbolExists.c.o   -c /home/edu/limo_control/catkin_ws/build/CMakeFiles/CMakeTmp/CheckSymbolExists.c
Linking C executable cmTC_938c1
/home/edu/tools/cmake/bin/cmake -E cmake_link_script CMakeFiles/cmTC_938c1.dir/link.txt --verbose=1
/usr/bin/cc      -rdynamic CMakeFiles/cmTC_938c1.dir/CheckSymbolExists.c.o  -o cmTC_938c1 
/usr/bin/ld: CMakeFiles/cmTC_938c1.dir/CheckSymbolExists.c.o: in function `main':
CheckSymbolExists.c:(.text+0x1f): undefined reference to `pthread_create'
collect2: error: ld returned 1 exit status
make[1]: *** [CMakeFiles/cmTC_938c1.dir/build.make:98：cmTC_938c1] 错误 1
make[1]: 离开目录“/home/edu/limo_control/catkin_ws/build/CMakeFiles/CMakeTmp”
make: *** [Makefile:126：cmTC_938c1/fast] 错误 2

File /home/edu/limo_control/catkin_ws/build/CMakeFiles/CMakeTmp/CheckSymbolExists.c:
/* */
#include <pthread.h>

int main(int argc, char** argv)
{
  (void)argv;
#ifndef pthread_create
  return ((int*)(&pthread_create))[argc];
#else
  (void)argc;
  return 0;
#endif
}

Determining if the function pthread_create exists in the pthreads failed with the following output:
Change Dir: /home/edu/limo_control/catkin_ws/build/CMakeFiles/CMakeTmp

Run Build Command:"/usr/bin/make" "cmTC_a4a31/fast"
/usr/bin/make -f CMakeFiles/cmTC_a4a31.dir/build.make CMakeFiles/cmTC_a4a31.dir/build
make[1]: 进入目录“/home/edu/limo_control/catkin_ws/build/CMakeFiles/CMakeTmp”
Building C object CMakeFiles/cmTC_a4a31.dir/CheckFunctionExists.c.o
/usr/bin/cc   -DCHECK_FUNCTION_EXISTS=pthread_create   -o CMakeFiles/cmTC_a4a31.dir/CheckFunctionExists.c.o   -c /home/edu/tools/cmake/share/cmake-3.10/Modules/CheckFunctionExists.c
Linking C executable cmTC_a4a31
/home/edu/tools/cmake/bin/cmake -E cmake_link_script CMakeFiles/cmTC_a4a31.dir/link.txt --verbose=1
/usr/bin/cc  -DCHECK_FUNCTION_EXISTS=pthread_create    -rdynamic CMakeFiles/cmTC_a4a31.dir/CheckFunctionExists.c.o  -o cmTC_a4a31 -lpthreads 
/usr/bin/ld: 找不到 -lpthreads
collect2: error: ld returned 1 exit status
make[1]: *** [CMakeFiles/cmTC_a4a31.dir/build.make:98：cmTC_a4a31] 错误 1
make[1]: 离开目录“/home/edu/limo_control/catkin_ws/build/CMakeFiles/CMakeTmp”
make: *** [Makefile:126：cmTC_a4a31/fast] 错误 2


